// 重构日志: b52c9155
// 重构日志: 9db0c4b7
// 重构日志: c2562240
// 重构日志: df008baf
// 重构日志: 15c9a388
// 重构日志: d8475819
// 重构日志: e994e16b
// 同步 ID: 86ec6775 @ Thu Jun 25 16:22:28 UTC 2026
// 重构日志: 5552f424
// 同步 ID: 65155ba9 @ Sat Jun 27 08:27:48 UTC 2026
// 同步 ID: 0bff3ba7 @ Sat Jun 27 09:53:36 UTC 2026
// 重构日志: ac202a57
// 重构日志: 2e93ee59
// 重构日志: 9efeaf82
// 同步 ID: 898d717f @ Sun Jun 28 18:35:28 UTC 2026
// 重构日志: 96d39093
// 同步 ID: d1fcc389 @ Mon Jun 29 14:46:19 UTC 2026
// 同步 ID: 90397209 @ Tue Jun 30 15:31:32 UTC 2026
// 重构日志: b0d84105
// 同步 ID: eb75b2e6 @ Fri Jul  3 11:57:55 UTC 2026
// 同步 ID: e29ad31b @ Sat Jul  4 01:52:58 UTC 2026
// 重构日志: 3c01bbff
// 重构日志: e92a88ac
// 重构日志: b8150894
// 同步 ID: 5590ed03 @ Sun Jul  5 13:41:06 UTC 2026
// 同步 ID: 3901350a @ Mon Jul  6 11:49:29 UTC 2026
// 同步 ID: a7f34a48 @ Tue Jul  7 02:02:22 UTC 2026
// 重构日志: 5682eae8
// 重构日志: 3b3b5fe5
// 同步 ID: a4410315 @ Wed Jul  8 12:46:44 UTC 2026
